# JRE version: OpenJDK Runtime Environment Microsoft-8035246 (17.0.8+7) (build 17.0.8+7-LTS)
# Java VM: OpenJDK 64-Bit Server VM Microsoft-8035246 (17.0.8+7-LTS, mixed mode, sharing, tiered, compressed oops, compressed class ptrs, g1 gc, windows-amd64)
GC Precious Log:
 CPUs: 4 total, 4 available
 Memory: 8090M
 Large Page Support: Disabled
 NUMA Support: Disabled
 Compressed Oops: Enabled (32-bit)
 Heap Region Size: 1M
 Heap Min Capacity: 8M
 Heap Initial Capacity: 128M
 Heap Max Capacity: 2G
 Pre-touch: Disabled
 Parallel Workers: 4
 Concurrent Workers: 1
 Concurrent Refinement Workers: 4
 Periodic GC: Disabled
Heap:
 garbage-first heap   total 289792K, used 188261K [0x0000000080000000, 0x0000000100000000)
  region size 1024K, 39 young (39936K), 7 survivors (7168K)
 Metaspace       used 97847K, committed 98752K, reserved 557056K
  class space    used 13639K, committed 14080K, reserved 425984K
GC Heap History (20 events):
Event: 58.820 GC heap before
{Heap before GC invocations=42 (full 0):
 garbage-first heap   total 160768K, used 92394K [0x0000000080000000, 0x0000000100000000)
  region size 1024K, 7 young (7168K), 5 survivors (5120K)
 Metaspace       used 76919K, committed 77632K, reserved 557056K
  class space    used 10687K, committed 11008K, reserved 425984K
}
Event: 58.830 GC heap after
{Heap after GC invocations=43 (full 0):
 garbage-first heap   total 160768K, used 90298K [0x0000000080000000, 0x0000000100000000)
  region size 1024K, 1 young (1024K), 1 survivors (1024K)
 Metaspace       used 76919K, committed 77632K, reserved 557056K
  class space    used 10687K, committed 11008K, reserved 425984K
}
Event: 72.409 GC heap before
{Heap before GC invocations=43 (full 0):
 garbage-first heap   total 160768K, used 131258K [0x0000000080000000, 0x0000000100000000)
  region size 1024K, 41 young (41984K), 1 survivors (1024K)
 Metaspace       used 79253K, committed 80000K, reserved 557056K
  class space    used 11027K, committed 11392K, reserved 425984K
}
Event: 72.422 GC heap after
{Heap after GC invocations=44 (full 0):
 garbage-first heap   total 160768K, used 92424K [0x0000000080000000, 0x0000000100000000)
  region size 1024K, 3 young (3072K), 3 survivors (3072K)
 Metaspace       used 79253K, committed 80000K, reserved 557056K
  class space    used 11027K, committed 11392K, reserved 425984K
}
Event: 74.237 GC heap before
{Heap before GC invocations=45 (full 0):
 garbage-first heap   total 171008K, used 132360K [0x0000000080000000, 0x0000000100000000)
  region size 1024K, 41 young (41984K), 3 survivors (3072K)
 Metaspace       used 81883K, committed 82624K, reserved 557056K
  class space    used 11526K, committed 11840K, reserved 425984K
}
Event: 74.247 GC heap after
{Heap after GC invocations=46 (full 0):
 garbage-first heap   total 171008K, used 93375K [0x0000000080000000, 0x0000000100000000)
  region size 1024K, 4 young (4096K), 4 survivors (4096K)
 Metaspace       used 81883K, committed 82624K, reserved 557056K
  class space    used 11526K, committed 11840K, reserved 425984K
}
Event: 74.350 GC heap before
{Heap before GC invocations=46 (full 0):
 garbage-first heap   total 171008K, used 97471K [0x0000000080000000, 0x0000000100000000)
  region size 1024K, 8 young (8192K), 4 survivors (4096K)
 Metaspace       used 82162K, committed 82880K, reserved 557056K
  class space    used 11577K, committed 11904K, reserved 425984K
}
Event: 74.361 GC heap after
{Heap after GC invocations=47 (full 0):
 garbage-first heap   total 171008K, used 93550K [0x0000000080000000, 0x0000000100000000)
  region size 1024K, 1 young (1024K), 1 survivors (1024K)
 Metaspace       used 82162K, committed 82880K, reserved 557056K
  class space    used 11577K, committed 11904K, reserved 425984K
}
Event: 75.772 GC heap before
{Heap before GC invocations=47 (full 0):
 garbage-first heap   total 171008K, used 140654K [0x0000000080000000, 0x0000000100000000)
  region size 1024K, 47 young (48128K), 1 survivors (1024K)
 Metaspace       used 85236K, committed 86080K, reserved 557056K
  class space    used 12020K, committed 12416K, reserved 425984K
}
Event: 75.786 GC heap after
{Heap after GC invocations=48 (full 0):
 garbage-first heap   total 289792K, used 95980K [0x0000000080000000, 0x0000000100000000)
  region size 1024K, 4 young (4096K), 4 survivors (4096K)
 Metaspace       used 85236K, committed 86080K, reserved 557056K
  class space    used 12020K, committed 12416K, reserved 425984K
}
Event: 81.404 GC heap before
{Heap before GC invocations=49 (full 0):
 garbage-first heap   total 289792K, used 237292K [0x0000000080000000, 0x0000000100000000)
  region size 1024K, 133 young (136192K), 4 survivors (4096K)
 Metaspace       used 89514K, committed 90368K, reserved 557056K
  class space    used 12535K, committed 12928K, reserved 425984K
}
Event: 81.452 GC heap after
{Heap after GC invocations=50 (full 0):
 garbage-first heap   total 289792K, used 130681K [0x0000000080000000, 0x0000000100000000)
  region size 1024K, 17 young (17408K), 17 survivors (17408K)
 Metaspace       used 89514K, committed 90368K, reserved 557056K
  class space    used 12535K, committed 12928K, reserved 425984K
}
Event: 81.488 GC heap before
{Heap before GC invocations=50 (full 0):
 garbage-first heap   total 289792K, used 131705K [0x0000000080000000, 0x0000000100000000)
  region size 1024K, 18 young (18432K), 17 survivors (17408K)
 Metaspace       used 89557K, committed 90432K, reserved 557056K
  class space    used 12539K, committed 12928K, reserved 425984K
}
Event: 81.516 GC heap after
{Heap after GC invocations=51 (full 0):
 garbage-first heap   total 289792K, used 132329K [0x0000000080000000, 0x0000000100000000)
  region size 1024K, 2 young (2048K), 2 survivors (2048K)
 Metaspace       used 89557K, committed 90432K, reserved 557056K
  class space    used 12539K, committed 12928K, reserved 425984K
}
Event: 84.294 GC heap before
{Heap before GC invocations=51 (full 0):
 garbage-first heap   total 289792K, used 224489K [0x0000000080000000, 0x0000000100000000)
  region size 1024K, 92 young (94208K), 2 survivors (2048K)
 Metaspace       used 95415K, committed 96320K, reserved 557056K
  class space    used 13364K, committed 13760K, reserved 425984K
}
Event: 84.321 GC heap after
{Heap after GC invocations=52 (full 0):
 garbage-first heap   total 289792K, used 137360K [0x0000000080000000, 0x0000000100000000)
  region size 1024K, 7 young (7168K), 7 survivors (7168K)
 Metaspace       used 95415K, committed 96320K, reserved 557056K
  class space    used 13364K, committed 13760K, reserved 425984K
}
Event: 87.652 GC heap before
{Heap before GC invocations=52 (full 0):
 garbage-first heap   total 289792K, used 228496K [0x0000000080000000, 0x0000000100000000)
  region size 1024K, 96 young (98304K), 7 survivors (7168K)
 Metaspace       used 97260K, committed 98176K, reserved 557056K
  class space    used 13584K, committed 14016K, reserved 425984K
}
Event: 87.690 GC heap after
{Heap after GC invocations=53 (full 0):
 garbage-first heap   total 289792K, used 145639K [0x0000000080000000, 0x0000000100000000)
  region size 1024K, 9 young (9216K), 9 survivors (9216K)
 Metaspace       used 97260K, committed 98176K, reserved 557056K
  class space    used 13584K, committed 14016K, reserved 425984K
}
Event: 90.814 GC heap before
{Heap before GC invocations=53 (full 0):
 garbage-first heap   total 289792K, used 230631K [0x0000000080000000, 0x0000000100000000)
  region size 1024K, 94 young (96256K), 9 survivors (9216K)
 Metaspace       used 97693K, committed 98624K, reserved 557056K
  class space    used 13639K, committed 14080K, reserved 425984K
}
Event: 90.851 GC heap after
{Heap after GC invocations=54 (full 0):
 garbage-first heap   total 289792K, used 152421K [0x0000000080000000, 0x0000000100000000)
  region size 1024K, 7 young (7168K), 7 survivors (7168K)
 Metaspace       used 97693K, committed 98624K, reserved 557056K
  class space    used 13639K, committed 14080K, reserved 425984K
}

